<?xml version="1.0" encoding="UTF-8"?>
<!-- Generated by org.testng.reporters.JUnitXMLReporter -->
<testsuite ignored="2" hostname="Gyaneshs-MacBook-Pro.local" failures="0" tests="1" name="SmokeTests" time="10.62" errors="0" timestamp="2025-08-29T10:25:47 IST">
  <testcase classname="testNG.GroupConcept" name="titleTest" time="0.014"/>
  <testcase classname="testNG.GroupConcept" name="gmailLinkTest" time="0.0">
    <ignored/>
  </testcase> <!-- gmailLinkTest -->
  <testcase classname="testNG.GroupConcept" name="imageTest" time="0.0">
    <ignored/>
  </testcase> <!-- imageTest -->
</testsuite> <!-- SmokeTests -->
