<?xml version="1.0" encoding="UTF-8"?>
<!-- Generated by org.testng.reporters.JUnitXMLReporter -->
<testsuite ignored="0" hostname="Gyaneshs-MacBook-Pro.local" failures="1" tests="1" name="Test" time="5.97" errors="0" timestamp="2025-09-01T14:53:27 IST">
  <testcase classname="testNG.OrangeHRM" name="test" time="5.905">
    <failure type="java.lang.AssertionError" message="expected [Google] but found [OrangeHRM]">
      <![CDATA[java.lang.AssertionError: expected [Google] but found [OrangeHRM]
at testNG.OrangeHRM.test(OrangeHRM.java:15)
at java.base/java.util.ArrayList.forEach(ArrayList.java:1596)
... Removed 31 stack frames]]>
    </failure>
  </testcase> <!-- test -->
</testsuite> <!-- Test -->
