<?xml version="1.0" encoding="UTF-8"?>
<!-- Generated by org.testng.reporters.JUnitXMLReporter -->
<testsuite ignored="0" hostname="Gyaneshs-MacBook-Pro.local" failures="1" tests="1" name="Test" time="3.212" errors="0" timestamp="2025-08-30T13:10:41 IST">
  <testcase classname="testNG.TestListen" name="titleTest" time="0.02">
    <failure type="java.lang.AssertionError" message="expected [yahoo] but found [Google]">
      <![CDATA[java.lang.AssertionError: expected [yahoo] but found [Google]
at testNG.TestListen.titleTest(TestListen.java:27)
at java.base/java.util.ArrayList.forEach(ArrayList.java:1511)
... Removed 33 stack frames]]>
    </failure>
  </testcase> <!-- titleTest -->
</testsuite> <!-- Test -->
