<?xml version="1.0" encoding="UTF-8"?>
<testng-results ignored="0" total="1" passed="1" failed="0" skipped="0">
  <reporter-output>
  </reporter-output>
  <suite started-at="2025-08-30T17:27:10 IST" name="Default suite" finished-at="2025-08-30T17:27:24 IST" duration-ms="13883">
    <groups>
    </groups>
    <test started-at="2025-08-30T17:27:10 IST" name="Default test" finished-at="2025-08-30T17:27:24 IST" duration-ms="13883">
      <class name="testNG.GridTest">
        <test-method signature="testOnGrid()[pri:0, instance:testNG.GridTest@782859e]" started-at="2025-08-30T17:27:11 IST" name="testOnGrid" finished-at="2025-08-30T17:27:24 IST" duration-ms="13764" status="PASS">
          <reporter-output>
          </reporter-output>
        </test-method> <!-- testOnGrid -->
      </class> <!-- testNG.GridTest -->
    </test> <!-- Default test -->
  </suite> <!-- Default suite -->
</testng-results>
