<?xml version="1.0" encoding="UTF-8"?>
<testng-results ignored="0" total="2" passed="2" failed="0" skipped="0">
  <reporter-output>
  </reporter-output>
  <suite started-at="2025-09-22T12:57:05 IST" name="Default suite" finished-at="2025-09-22T12:57:26 IST" duration-ms="20835">
    <groups>
    </groups>
    <test started-at="2025-09-22T12:57:05 IST" name="Default test" finished-at="2025-09-22T12:57:26 IST" duration-ms="20835">
      <class name="testNG.Test">
        <test-method is-config="true" signature="setup()[pri:0, instance:testNG.Test@1ebea008]" started-at="2025-09-22T12:57:05 IST" name="setup" finished-at="2025-09-22T12:57:13 IST" duration-ms="7801" status="PASS">
          <reporter-output>
          </reporter-output>
        </test-method> <!-- setup -->
        <test-method signature="test(java.lang.String,java.lang.String)[pri:0, instance:testNG.Test@1ebea008]" started-at="2025-09-22T12:57:13 IST" name="test" data-provider="loginData" finished-at="2025-09-22T12:57:15 IST" duration-ms="1914" status="PASS">
          <params>
            <param index="0">
              <value>
                <![CDATA[Admin]]>
              </value>
            </param>
            <param index="1">
              <value>
                <![CDATA[admin123]]>
              </value>
            </param>
          </params>
          <reporter-output>
          </reporter-output>
        </test-method> <!-- test -->
        <test-method is-config="true" signature="tearDown()[pri:0, instance:testNG.Test@1ebea008]" started-at="2025-09-22T12:57:15 IST" name="tearDown" finished-at="2025-09-22T12:57:15 IST" duration-ms="103" status="PASS">
          <reporter-output>
          </reporter-output>
        </test-method> <!-- tearDown -->
        <test-method is-config="true" signature="setup()[pri:0, instance:testNG.Test@1ebea008]" started-at="2025-09-22T12:57:15 IST" name="setup" finished-at="2025-09-22T12:57:24 IST" duration-ms="9166" status="PASS">
          <reporter-output>
          </reporter-output>
        </test-method> <!-- setup -->
        <test-method signature="test(java.lang.String,java.lang.String)[pri:0, instance:testNG.Test@1ebea008]" started-at="2025-09-22T12:57:24 IST" name="test" data-provider="loginData" finished-at="2025-09-22T12:57:26 IST" duration-ms="1649" status="PASS">
          <params>
            <param index="0">
              <value>
                <![CDATA[Admin1]]>
              </value>
            </param>
            <param index="1">
              <value>
                <![CDATA[admin1234]]>
              </value>
            </param>
          </params>
          <reporter-output>
          </reporter-output>
        </test-method> <!-- test -->
        <test-method is-config="true" signature="tearDown()[pri:0, instance:testNG.Test@1ebea008]" started-at="2025-09-22T12:57:26 IST" name="tearDown" finished-at="2025-09-22T12:57:26 IST" duration-ms="100" status="PASS">
          <reporter-output>
          </reporter-output>
        </test-method> <!-- tearDown -->
      </class> <!-- testNG.Test -->
    </test> <!-- Default test -->
  </suite> <!-- Default suite -->
</testng-results>
