<?xml version="1.0" encoding="UTF-8"?>
<testng-results ignored="0" total="1" passed="1" failed="0" skipped="0">
  <reporter-output>
  </reporter-output>
  <suite started-at="2025-09-04T13:17:39 IST" name="Default suite" finished-at="2025-09-04T13:17:42 IST" duration-ms="2941">
    <groups>
    </groups>
    <test started-at="2025-09-04T13:17:39 IST" name="Default test" finished-at="2025-09-04T13:17:42 IST" duration-ms="2941">
      <class name="testNG.GetDriver">
        <test-method signature="openApp()[pri:0, instance:testNG.GetDriver@4e0ae11f]" started-at="2025-09-04T13:17:39 IST" name="openApp" finished-at="2025-09-04T13:17:42 IST" duration-ms="2874" status="PASS">
          <reporter-output>
          </reporter-output>
        </test-method> <!-- openApp -->
      </class> <!-- testNG.GetDriver -->
    </test> <!-- Default test -->
  </suite> <!-- Default suite -->
</testng-results>
